<?xml version="1.0" encoding="UTF-8"?>
<coverage generated="1588723266620" clover="3.2.0">
  <project timestamp="1588723266620" name="All files">
    <metrics statements="34" coveredstatements="13" conditionals="6" coveredconditionals="1" methods="17" coveredmethods="5" elements="57" coveredelements="19" complexity="0" loc="34" ncloc="34" packages="5" files="5" classes="5"/>
    <package name="yelp-reviewComponent">
      <metrics statements="2" coveredstatements="2" conditionals="0" coveredconditionals="0" methods="1" coveredmethods="1"/>
      <file name="sum.js" path="/Users/charliethao/Desktop/HackReactor_Immersive_March2020/hrsf127-FEC-2020/yelp-reviewComponent/sum.js">
        <metrics statements="2" coveredstatements="2" conditionals="0" coveredconditionals="0" methods="1" coveredmethods="1"/>
        <line num="2" count="1" type="stmt"/>
        <line num="4" count="1" type="stmt"/>
      </file>
    </package>
    <package name="yelp-reviewComponent.client.src.Components.App">
      <metrics statements="20" coveredstatements="7" conditionals="6" coveredconditionals="1" methods="10" coveredmethods="2"/>
      <file name="App.jsx" path="/Users/charliethao/Desktop/HackReactor_Immersive_March2020/hrsf127-FEC-2020/yelp-reviewComponent/client/src/Components/App/App.jsx">
        <metrics statements="20" coveredstatements="7" conditionals="6" coveredconditionals="1" methods="10" coveredmethods="2"/>
        <line num="10" count="2" type="stmt"/>
        <line num="12" count="2" type="stmt"/>
        <line num="19" count="2" type="stmt"/>
        <line num="20" count="2" type="stmt"/>
        <line num="24" count="0" type="stmt"/>
        <line num="27" count="0" type="stmt"/>
        <line num="31" count="0" type="stmt"/>
        <line num="36" count="0" type="stmt"/>
        <line num="40" count="0" type="stmt"/>
        <line num="41" count="0" type="stmt"/>
        <line num="42" count="0" type="stmt"/>
        <line num="45" count="0" type="stmt"/>
        <line num="49" count="0" type="cond" truecount="0" falsecount="2"/>
        <line num="50" count="0" type="stmt"/>
        <line num="58" count="2" type="cond" truecount="1" falsecount="1"/>
        <line num="59" count="0" type="stmt"/>
        <line num="62" count="2" type="stmt"/>
        <line num="63" count="0" type="cond" truecount="0" falsecount="2"/>
        <line num="64" count="0" type="stmt"/>
        <line num="67" count="2" type="stmt"/>
      </file>
    </package>
    <package name="yelp-reviewComponent.client.src.Components.Restaurant">
      <metrics statements="8" coveredstatements="0" conditionals="0" coveredconditionals="0" methods="4" coveredmethods="0"/>
      <file name="Restaurant.jsx" path="/Users/charliethao/Desktop/HackReactor_Immersive_March2020/hrsf127-FEC-2020/yelp-reviewComponent/client/src/Components/Restaurant/Restaurant.jsx">
        <metrics statements="8" coveredstatements="0" conditionals="0" coveredconditionals="0" methods="4" coveredmethods="0"/>
        <line num="8" count="0" type="stmt"/>
        <line num="10" count="0" type="stmt"/>
        <line num="16" count="0" type="stmt"/>
        <line num="20" count="0" type="stmt"/>
        <line num="26" count="0" type="stmt"/>
        <line num="35" count="0" type="stmt"/>
        <line num="46" count="0" type="stmt"/>
        <line num="53" count="0" type="stmt"/>
      </file>
    </package>
    <package name="yelp-reviewComponent.client.src.Components.Review">
      <metrics statements="2" coveredstatements="2" conditionals="0" coveredconditionals="0" methods="1" coveredmethods="1"/>
      <file name="Review.jsx" path="/Users/charliethao/Desktop/HackReactor_Immersive_March2020/hrsf127-FEC-2020/yelp-reviewComponent/client/src/Components/Review/Review.jsx">
        <metrics statements="2" coveredstatements="2" conditionals="0" coveredconditionals="0" methods="1" coveredmethods="1"/>
        <line num="3" count="2" type="stmt"/>
        <line num="4" count="1" type="stmt"/>
      </file>
    </package>
    <package name="yelp-reviewComponent.client.src.Components.User">
      <metrics statements="2" coveredstatements="2" conditionals="0" coveredconditionals="0" methods="1" coveredmethods="1"/>
      <file name="User.jsx" path="/Users/charliethao/Desktop/HackReactor_Immersive_March2020/hrsf127-FEC-2020/yelp-reviewComponent/client/src/Components/User/User.jsx">
        <metrics statements="2" coveredstatements="2" conditionals="0" coveredconditionals="0" methods="1" coveredmethods="1"/>
        <line num="3" count="2" type="stmt"/>
        <line num="5" count="1" type="stmt"/>
      </file>
    </package>
  </project>
</coverage>
