{"/Users/charliethao/Desktop/HackReactor_Immersive_March2020/hrsf127-FEC-2020/yelp-reviewComponent/sum.js": {"path":"/Users/charliethao/Desktop/HackReactor_Immersive_March2020/hrsf127-FEC-2020/yelp-reviewComponent/sum.js","statementMap":{"0":{"start":{"line":2,"column":2},"end":{"line":2,"column":15}},"1":{"start":{"line":4,"column":0},"end":{"line":4,"column":21}}},"fnMap":{"0":{"name":"sum","decl":{"start":{"line":1,"column":9},"end":{"line":1,"column":12}},"loc":{"start":{"line":1,"column":19},"end":{"line":3,"column":1}},"line":1}},"branchMap":{},"s":{"0":1,"1":1},"f":{"0":1},"b":{},"_coverageSchema":"43e27e138ebf9cfc5966b082cf9a028302ed4184","hash":"c00ca0a61c35462abdb45a2e84cd2fce231f1c8f"}
,"/Users/charliethao/Desktop/HackReactor_Immersive_March2020/hrsf127-FEC-2020/yelp-reviewComponent/client/src/Components/App/App.jsx": {"path":"/Users/charliethao/Desktop/HackReactor_Immersive_March2020/hrsf127-FEC-2020/yelp-reviewComponent/client/src/Components/App/App.jsx","statementMap":{"0":{"start":{"line":10,"column":4},"end":{"line":10,"column":12}},"1":{"start":{"line":12,"column":4},"end":{"line":17,"column":5}},"2":{"start":{"line":19,"column":4},"end":{"line":19,"column":49}},"3":{"start":{"line":20,"column":4},"end":{"line":20,"column":71}},"4":{"start":{"line":24,"column":4},"end":{"line":32,"column":8}},"5":{"start":{"line":27,"column":8},"end":{"line":27,"column":29}},"6":{"start":{"line":31,"column":8},"end":{"line":31,"column":53}},"7":{"start":{"line":36,"column":30},"end":{"line":36,"column":32}},"8":{"start":{"line":40,"column":4},"end":{"line":43,"column":5}},"9":{"start":{"line":41,"column":6},"end":{"line":41,"column":58}},"10":{"start":{"line":42,"column":6},"end":{"line":42,"column":39}},"11":{"start":{"line":45,"column":4},"end":{"line":45,"column":51}},"12":{"start":{"line":49,"column":4},"end":{"line":53,"column":5}},"13":{"start":{"line":50,"column":6},"end":{"line":52,"column":8}},"14":{"start":{"line":58,"column":25},"end":{"line":60,"column":6}},"15":{"start":{"line":59,"column":6},"end":{"line":59,"column":50}},"16":{"start":{"line":62,"column":21},"end":{"line":65,"column":6}},"17":{"start":{"line":63,"column":22},"end":{"line":63,"column":72}},"18":{"start":{"line":64,"column":6},"end":{"line":64,"column":141}},"19":{"start":{"line":64,"column":85},"end":{"line":64,"column":121}},"20":{"start":{"line":67,"column":4},"end":{"line":74,"column":5}}},"fnMap":{"0":{"name":"(anonymous_0)","decl":{"start":{"line":9,"column":2},"end":{"line":9,"column":3}},"loc":{"start":{"line":9,"column":16},"end":{"line":21,"column":3}},"line":9},"1":{"name":"(anonymous_1)","decl":{"start":{"line":23,"column":2},"end":{"line":23,"column":3}},"loc":{"start":{"line":23,"column":22},"end":{"line":33,"column":3}},"line":23},"2":{"name":"(anonymous_2)","decl":{"start":{"line":25,"column":12},"end":{"line":25,"column":13}},"loc":{"start":{"line":25,"column":24},"end":{"line":29,"column":7}},"line":25},"3":{"name":"(anonymous_3)","decl":{"start":{"line":30,"column":13},"end":{"line":30,"column":14}},"loc":{"start":{"line":30,"column":20},"end":{"line":32,"column":7}},"line":30},"4":{"name":"(anonymous_4)","decl":{"start":{"line":35,"column":2},"end":{"line":35,"column":3}},"loc":{"start":{"line":35,"column":19},"end":{"line":46,"column":3}},"line":35},"5":{"name":"(anonymous_5)","decl":{"start":{"line":48,"column":2},"end":{"line":48,"column":3}},"loc":{"start":{"line":48,"column":40},"end":{"line":54,"column":3}},"line":48},"6":{"name":"(anonymous_6)","decl":{"start":{"line":56,"column":2},"end":{"line":56,"column":3}},"loc":{"start":{"line":56,"column":11},"end":{"line":75,"column":3}},"line":56},"7":{"name":"(anonymous_7)","decl":{"start":{"line":58,"column":122},"end":{"line":58,"column":123}},"loc":{"start":{"line":58,"column":137},"end":{"line":60,"column":5}},"line":58},"8":{"name":"(anonymous_8)","decl":{"start":{"line":62,"column":44},"end":{"line":62,"column":45}},"loc":{"start":{"line":62,"column":59},"end":{"line":65,"column":5}},"line":62},"9":{"name":"(anonymous_9)","decl":{"start":{"line":64,"column":78},"end":{"line":64,"column":79}},"loc":{"start":{"line":64,"column":85},"end":{"line":64,"column":121}},"line":64}},"branchMap":{"0":{"loc":{"start":{"line":49,"column":4},"end":{"line":53,"column":5}},"type":"if","locations":[{"start":{"line":49,"column":4},"end":{"line":53,"column":5}},{"start":{"line":49,"column":4},"end":{"line":53,"column":5}}],"line":49},"1":{"loc":{"start":{"line":58,"column":25},"end":{"line":60,"column":6}},"type":"binary-expr","locations":[{"start":{"line":58,"column":25},"end":{"line":58,"column":69}},{"start":{"line":58,"column":73},"end":{"line":60,"column":6}}],"line":58},"2":{"loc":{"start":{"line":63,"column":22},"end":{"line":63,"column":72}},"type":"cond-expr","locations":[{"start":{"line":63,"column":59},"end":{"line":63,"column":67}},{"start":{"line":63,"column":70},"end":{"line":63,"column":72}}],"line":63}},"s":{"0":2,"1":2,"2":2,"3":2,"4":2,"5":0,"6":0,"7":0,"8":0,"9":0,"10":0,"11":0,"12":0,"13":0,"14":2,"15":0,"16":2,"17":0,"18":0,"19":0,"20":2},"f":{"0":2,"1":2,"2":0,"3":0,"4":0,"5":0,"6":2,"7":0,"8":0,"9":0},"b":{"0":[0,0],"1":[2,0],"2":[0,0]},"_coverageSchema":"43e27e138ebf9cfc5966b082cf9a028302ed4184","hash":"2b4c80484285361407044c8ea43fe42a6fa7ef9b"}
,"/Users/charliethao/Desktop/HackReactor_Immersive_March2020/hrsf127-FEC-2020/yelp-reviewComponent/client/src/Components/Restaurant/Restaurant.jsx": {"path":"/Users/charliethao/Desktop/HackReactor_Immersive_March2020/hrsf127-FEC-2020/yelp-reviewComponent/client/src/Components/Restaurant/Restaurant.jsx","statementMap":{"0":{"start":{"line":8,"column":4},"end":{"line":8,"column":17}},"1":{"start":{"line":10,"column":4},"end":{"line":13,"column":5}},"2":{"start":{"line":16,"column":4},"end":{"line":16,"column":51}},"3":{"start":{"line":20,"column":4},"end":{"line":20,"column":39}},"4":{"start":{"line":26,"column":18},"end":{"line":33,"column":5}},"5":{"start":{"line":35,"column":20},"end":{"line":44,"column":5}},"6":{"start":{"line":46,"column":4},"end":{"line":49,"column":6}},"7":{"start":{"line":53,"column":4},"end":{"line":61,"column":5}}},"fnMap":{"0":{"name":"(anonymous_0)","decl":{"start":{"line":7,"column":2},"end":{"line":7,"column":3}},"loc":{"start":{"line":7,"column":21},"end":{"line":17,"column":3}},"line":7},"1":{"name":"(anonymous_1)","decl":{"start":{"line":19,"column":2},"end":{"line":19,"column":3}},"loc":{"start":{"line":19,"column":22},"end":{"line":21,"column":3}},"line":19},"2":{"name":"(anonymous_2)","decl":{"start":{"line":23,"column":2},"end":{"line":23,"column":3}},"loc":{"start":{"line":23,"column":22},"end":{"line":50,"column":3}},"line":23},"3":{"name":"(anonymous_3)","decl":{"start":{"line":52,"column":2},"end":{"line":52,"column":3}},"loc":{"start":{"line":52,"column":11},"end":{"line":62,"column":3}},"line":52}},"branchMap":{},"s":{"0":0,"1":0,"2":0,"3":0,"4":0,"5":0,"6":0,"7":0},"f":{"0":0,"1":0,"2":0,"3":0},"b":{},"_coverageSchema":"43e27e138ebf9cfc5966b082cf9a028302ed4184","hash":"d2d4d3c61d34554c78e44a192573e3e15f8afeb8"}
,"/Users/charliethao/Desktop/HackReactor_Immersive_March2020/hrsf127-FEC-2020/yelp-reviewComponent/client/src/Components/Review/Review.jsx": {"path":"/Users/charliethao/Desktop/HackReactor_Immersive_March2020/hrsf127-FEC-2020/yelp-reviewComponent/client/src/Components/Review/Review.jsx","statementMap":{"0":{"start":{"line":3,"column":15},"end":{"line":39,"column":1}},"1":{"start":{"line":4,"column":2},"end":{"line":38,"column":3}}},"fnMap":{"0":{"name":"(anonymous_0)","decl":{"start":{"line":3,"column":15},"end":{"line":3,"column":16}},"loc":{"start":{"line":3,"column":29},"end":{"line":39,"column":1}},"line":3}},"branchMap":{},"s":{"0":2,"1":1},"f":{"0":1},"b":{},"_coverageSchema":"43e27e138ebf9cfc5966b082cf9a028302ed4184","hash":"c3962083a9df50bc525c3df3d16cda28ed0cbf4f"}
,"/Users/charliethao/Desktop/HackReactor_Immersive_March2020/hrsf127-FEC-2020/yelp-reviewComponent/client/src/Components/User/User.jsx": {"path":"/Users/charliethao/Desktop/HackReactor_Immersive_March2020/hrsf127-FEC-2020/yelp-reviewComponent/client/src/Components/User/User.jsx","statementMap":{"0":{"start":{"line":3,"column":13},"end":{"line":44,"column":1}},"1":{"start":{"line":5,"column":2},"end":{"line":43,"column":3}}},"fnMap":{"0":{"name":"(anonymous_0)","decl":{"start":{"line":3,"column":13},"end":{"line":3,"column":14}},"loc":{"start":{"line":3,"column":25},"end":{"line":44,"column":1}},"line":3}},"branchMap":{},"s":{"0":2,"1":1},"f":{"0":1},"b":{},"_coverageSchema":"43e27e138ebf9cfc5966b082cf9a028302ed4184","hash":"27c53efe101c575606cb4aac25f009ed193f8b3c"}
}
