TN:
SF:/Users/charliethao/Desktop/HackReactor_Immersive_March2020/hrsf127-FEC-2020/yelp-reviewComponent/sum.js
FN:1,sum
FNF:1
FNH:1
FNDA:1,sum
DA:2,1
DA:4,1
LF:2
LH:2
BRF:0
BRH:0
end_of_record
TN:
SF:/Users/charliethao/Desktop/HackReactor_Immersive_March2020/hrsf127-FEC-2020/yelp-reviewComponent/client/src/Components/App/App.jsx
FN:9,(anonymous_0)
FN:23,(anonymous_1)
FN:25,(anonymous_2)
FN:30,(anonymous_3)
FN:35,(anonymous_4)
FN:48,(anonymous_5)
FN:56,(anonymous_6)
FNF:7
FNH:2
FNDA:2,(anonymous_0)
FNDA:0,(anonymous_1)
FNDA:0,(anonymous_2)
FNDA:0,(anonymous_3)
FNDA:0,(anonymous_4)
FNDA:0,(anonymous_5)
FNDA:2,(anonymous_6)
DA:10,2
DA:12,2
DA:19,2
DA:20,2
DA:24,0
DA:27,0
DA:31,0
DA:36,0
DA:40,0
DA:41,0
DA:42,0
DA:45,0
DA:49,0
DA:50,0
DA:67,2
LF:15
LH:5
BRDA:49,0,0,0
BRDA:49,0,1,0
BRF:2
BRH:0
end_of_record
TN:
SF:/Users/charliethao/Desktop/HackReactor_Immersive_March2020/hrsf127-FEC-2020/yelp-reviewComponent/client/src/Components/Restaurant/Restaurant.jsx
FN:7,(anonymous_0)
FN:19,(anonymous_1)
FN:23,(anonymous_2)
FN:52,(anonymous_3)
FNF:4
FNH:0
FNDA:0,(anonymous_0)
FNDA:0,(anonymous_1)
FNDA:0,(anonymous_2)
FNDA:0,(anonymous_3)
DA:8,0
DA:10,0
DA:16,0
DA:20,0
DA:26,0
DA:35,0
DA:46,0
DA:53,0
LF:8
LH:0
BRF:0
BRH:0
end_of_record
TN:
SF:/Users/charliethao/Desktop/HackReactor_Immersive_March2020/hrsf127-FEC-2020/yelp-reviewComponent/client/src/Components/Review/Review.jsx
FN:3,(anonymous_0)
FNF:1
FNH:1
FNDA:1,(anonymous_0)
DA:3,2
DA:4,1
LF:2
LH:2
BRF:0
BRH:0
end_of_record
TN:
SF:/Users/charliethao/Desktop/HackReactor_Immersive_March2020/hrsf127-FEC-2020/yelp-reviewComponent/client/src/Components/User/User.jsx
FN:3,(anonymous_0)
FNF:1
FNH:1
FNDA:1,(anonymous_0)
DA:3,2
DA:5,1
LF:2
LH:2
BRF:0
BRH:0
end_of_record
